<?xml version="1.0" encoding="UTF-8"?>
<robot generator="Robot 4.1 (Python 3.9.4 on win32)" generated="20210830 14:01:47.395" rpa="false" schemaversion="2">
<suite id="s1" name="Teste-For" source="C:\Users\anton\Desktop\Course_Robot_Model_1\teste-for.robot">
<test id="s1-t1" name="Testando for sobre listas">
<kw name="Create List" library="BuiltIn">
<var>@{cores}</var>
<arg>azul</arg>
<arg>verde</arg>
<arg>amarelo</arg>
<arg>vermelho</arg>
<arg>rosa</arg>
<doc>Returns a list containing given items.</doc>
<msg timestamp="20210830 14:01:47.417" level="INFO">@{cores} = [ azul | verde | amarelo | vermelho | rosa ]</msg>
<status status="PASS" starttime="20210830 14:01:47.417" endtime="20210830 14:01:47.417"/>
</kw>
<for flavor="IN">
<var>${cor}</var>
<value>@{cores}</value>
<iter>
<var name="${cor}">azul</var>
<kw name="Log To Console" library="BuiltIn">
<arg>${cor}</arg>
<doc>Logs the given message to the console.</doc>
<status status="PASS" starttime="20210830 14:01:47.417" endtime="20210830 14:01:47.418"/>
</kw>
<status status="PASS" starttime="20210830 14:01:47.417" endtime="20210830 14:01:47.418"/>
</iter>
<iter>
<var name="${cor}">verde</var>
<kw name="Log To Console" library="BuiltIn">
<arg>${cor}</arg>
<doc>Logs the given message to the console.</doc>
<status status="PASS" starttime="20210830 14:01:47.418" endtime="20210830 14:01:47.418"/>
</kw>
<status status="PASS" starttime="20210830 14:01:47.418" endtime="20210830 14:01:47.418"/>
</iter>
<iter>
<var name="${cor}">amarelo</var>
<kw name="Log To Console" library="BuiltIn">
<arg>${cor}</arg>
<doc>Logs the given message to the console.</doc>
<status status="PASS" starttime="20210830 14:01:47.418" endtime="20210830 14:01:47.418"/>
</kw>
<status status="PASS" starttime="20210830 14:01:47.418" endtime="20210830 14:01:47.418"/>
</iter>
<iter>
<var name="${cor}">vermelho</var>
<kw name="Log To Console" library="BuiltIn">
<arg>${cor}</arg>
<doc>Logs the given message to the console.</doc>
<status status="PASS" starttime="20210830 14:01:47.418" endtime="20210830 14:01:47.419"/>
</kw>
<status status="PASS" starttime="20210830 14:01:47.418" endtime="20210830 14:01:47.419"/>
</iter>
<iter>
<var name="${cor}">rosa</var>
<kw name="Log To Console" library="BuiltIn">
<arg>${cor}</arg>
<doc>Logs the given message to the console.</doc>
<status status="PASS" starttime="20210830 14:01:47.419" endtime="20210830 14:01:47.419"/>
</kw>
<status status="PASS" starttime="20210830 14:01:47.419" endtime="20210830 14:01:47.419"/>
</iter>
<status status="PASS" starttime="20210830 14:01:47.417" endtime="20210830 14:01:47.419"/>
</for>
<status status="PASS" starttime="20210830 14:01:47.416" endtime="20210830 14:01:47.419"/>
</test>
<test id="s1-t2" name="Testando for sobre listas pular item">
<kw name="Create List" library="BuiltIn">
<var>@{cores}</var>
<arg>azul</arg>
<arg>verde</arg>
<arg>amarelo</arg>
<arg>vermelho</arg>
<arg>rosa</arg>
<doc>Returns a list containing given items.</doc>
<msg timestamp="20210830 14:01:47.420" level="INFO">@{cores} = [ azul | verde | amarelo | vermelho | rosa ]</msg>
<status status="PASS" starttime="20210830 14:01:47.420" endtime="20210830 14:01:47.420"/>
</kw>
<for flavor="IN">
<var>${cor}</var>
<value>@{cores}</value>
<iter>
<var name="${cor}">azul</var>
<kw name="Continue For Loop If" library="BuiltIn">
<arg>'${cor}' == 'amarelo'</arg>
<doc>Skips the current for loop iteration if the ``condition`` is true.</doc>
<status status="PASS" starttime="20210830 14:01:47.421" endtime="20210830 14:01:47.421"/>
</kw>
<kw name="Log To Console" library="BuiltIn">
<arg>${cor}</arg>
<doc>Logs the given message to the console.</doc>
<status status="PASS" starttime="20210830 14:01:47.421" endtime="20210830 14:01:47.421"/>
</kw>
<status status="PASS" starttime="20210830 14:01:47.421" endtime="20210830 14:01:47.421"/>
</iter>
<iter>
<var name="${cor}">verde</var>
<kw name="Continue For Loop If" library="BuiltIn">
<arg>'${cor}' == 'amarelo'</arg>
<doc>Skips the current for loop iteration if the ``condition`` is true.</doc>
<status status="PASS" starttime="20210830 14:01:47.421" endtime="20210830 14:01:47.422"/>
</kw>
<kw name="Log To Console" library="BuiltIn">
<arg>${cor}</arg>
<doc>Logs the given message to the console.</doc>
<status status="PASS" starttime="20210830 14:01:47.422" endtime="20210830 14:01:47.422"/>
</kw>
<status status="PASS" starttime="20210830 14:01:47.421" endtime="20210830 14:01:47.422"/>
</iter>
<iter>
<var name="${cor}">amarelo</var>
<kw name="Continue For Loop If" library="BuiltIn">
<arg>'${cor}' == 'amarelo'</arg>
<doc>Skips the current for loop iteration if the ``condition`` is true.</doc>
<msg timestamp="20210830 14:01:47.422" level="INFO">Continuing for loop from the next iteration.</msg>
<status status="PASS" starttime="20210830 14:01:47.422" endtime="20210830 14:01:47.423"/>
</kw>
<status status="PASS" starttime="20210830 14:01:47.422" endtime="20210830 14:01:47.423"/>
</iter>
<iter>
<var name="${cor}">vermelho</var>
<kw name="Continue For Loop If" library="BuiltIn">
<arg>'${cor}' == 'amarelo'</arg>
<doc>Skips the current for loop iteration if the ``condition`` is true.</doc>
<status status="PASS" starttime="20210830 14:01:47.423" endtime="20210830 14:01:47.423"/>
</kw>
<kw name="Log To Console" library="BuiltIn">
<arg>${cor}</arg>
<doc>Logs the given message to the console.</doc>
<status status="PASS" starttime="20210830 14:01:47.423" endtime="20210830 14:01:47.424"/>
</kw>
<status status="PASS" starttime="20210830 14:01:47.423" endtime="20210830 14:01:47.424"/>
</iter>
<iter>
<var name="${cor}">rosa</var>
<kw name="Continue For Loop If" library="BuiltIn">
<arg>'${cor}' == 'amarelo'</arg>
<doc>Skips the current for loop iteration if the ``condition`` is true.</doc>
<status status="PASS" starttime="20210830 14:01:47.424" endtime="20210830 14:01:47.424"/>
</kw>
<kw name="Log To Console" library="BuiltIn">
<arg>${cor}</arg>
<doc>Logs the given message to the console.</doc>
<status status="PASS" starttime="20210830 14:01:47.424" endtime="20210830 14:01:47.424"/>
</kw>
<status status="PASS" starttime="20210830 14:01:47.424" endtime="20210830 14:01:47.424"/>
</iter>
<status status="PASS" starttime="20210830 14:01:47.421" endtime="20210830 14:01:47.424"/>
</for>
<status status="PASS" starttime="20210830 14:01:47.420" endtime="20210830 14:01:47.425"/>
</test>
<test id="s1-t3" name="Testando for sobre listas parar em um item">
<kw name="Create List" library="BuiltIn">
<var>@{cores}</var>
<arg>azul</arg>
<arg>verde</arg>
<arg>amarelo</arg>
<arg>vermelho</arg>
<arg>rosa</arg>
<doc>Returns a list containing given items.</doc>
<msg timestamp="20210830 14:01:47.426" level="INFO">@{cores} = [ azul | verde | amarelo | vermelho | rosa ]</msg>
<status status="PASS" starttime="20210830 14:01:47.426" endtime="20210830 14:01:47.426"/>
</kw>
<for flavor="IN">
<var>${cor}</var>
<value>@{cores}</value>
<iter>
<var name="${cor}">azul</var>
<kw name="Exit For Loop If" library="BuiltIn">
<arg>'${cor}' == 'amarelo'</arg>
<doc>Stops executing the enclosing for loop if the ``condition`` is true.</doc>
<status status="PASS" starttime="20210830 14:01:47.426" endtime="20210830 14:01:47.426"/>
</kw>
<kw name="Log To Console" library="BuiltIn">
<arg>${cor}</arg>
<doc>Logs the given message to the console.</doc>
<status status="PASS" starttime="20210830 14:01:47.426" endtime="20210830 14:01:47.427"/>
</kw>
<status status="PASS" starttime="20210830 14:01:47.426" endtime="20210830 14:01:47.427"/>
</iter>
<iter>
<var name="${cor}">verde</var>
<kw name="Exit For Loop If" library="BuiltIn">
<arg>'${cor}' == 'amarelo'</arg>
<doc>Stops executing the enclosing for loop if the ``condition`` is true.</doc>
<status status="PASS" starttime="20210830 14:01:47.427" endtime="20210830 14:01:47.427"/>
</kw>
<kw name="Log To Console" library="BuiltIn">
<arg>${cor}</arg>
<doc>Logs the given message to the console.</doc>
<status status="PASS" starttime="20210830 14:01:47.427" endtime="20210830 14:01:47.427"/>
</kw>
<status status="PASS" starttime="20210830 14:01:47.427" endtime="20210830 14:01:47.427"/>
</iter>
<iter>
<var name="${cor}">amarelo</var>
<kw name="Exit For Loop If" library="BuiltIn">
<arg>'${cor}' == 'amarelo'</arg>
<doc>Stops executing the enclosing for loop if the ``condition`` is true.</doc>
<msg timestamp="20210830 14:01:47.428" level="INFO">Exiting for loop altogether.</msg>
<status status="PASS" starttime="20210830 14:01:47.428" endtime="20210830 14:01:47.428"/>
</kw>
<status status="PASS" starttime="20210830 14:01:47.428" endtime="20210830 14:01:47.428"/>
</iter>
<status status="PASS" starttime="20210830 14:01:47.426" endtime="20210830 14:01:47.428"/>
</for>
<status status="PASS" starttime="20210830 14:01:47.425" endtime="20210830 14:01:47.428"/>
</test>
<test id="s1-t4" name="Testando for in range">
<for flavor="IN RANGE">
<var>${index}</var>
<value>1</value>
<value>11</value>
<iter>
<var name="${index}">1</var>
<kw name="Log To Console" library="BuiltIn">
<arg>${index}</arg>
<doc>Logs the given message to the console.</doc>
<status status="PASS" starttime="20210830 14:01:47.429" endtime="20210830 14:01:47.429"/>
</kw>
<status status="PASS" starttime="20210830 14:01:47.429" endtime="20210830 14:01:47.429"/>
</iter>
<iter>
<var name="${index}">2</var>
<kw name="Log To Console" library="BuiltIn">
<arg>${index}</arg>
<doc>Logs the given message to the console.</doc>
<status status="PASS" starttime="20210830 14:01:47.430" endtime="20210830 14:01:47.430"/>
</kw>
<status status="PASS" starttime="20210830 14:01:47.430" endtime="20210830 14:01:47.430"/>
</iter>
<iter>
<var name="${index}">3</var>
<kw name="Log To Console" library="BuiltIn">
<arg>${index}</arg>
<doc>Logs the given message to the console.</doc>
<status status="PASS" starttime="20210830 14:01:47.430" endtime="20210830 14:01:47.430"/>
</kw>
<status status="PASS" starttime="20210830 14:01:47.430" endtime="20210830 14:01:47.430"/>
</iter>
<iter>
<var name="${index}">4</var>
<kw name="Log To Console" library="BuiltIn">
<arg>${index}</arg>
<doc>Logs the given message to the console.</doc>
<status status="PASS" starttime="20210830 14:01:47.430" endtime="20210830 14:01:47.430"/>
</kw>
<status status="PASS" starttime="20210830 14:01:47.430" endtime="20210830 14:01:47.431"/>
</iter>
<iter>
<var name="${index}">5</var>
<kw name="Log To Console" library="BuiltIn">
<arg>${index}</arg>
<doc>Logs the given message to the console.</doc>
<status status="PASS" starttime="20210830 14:01:47.431" endtime="20210830 14:01:47.431"/>
</kw>
<status status="PASS" starttime="20210830 14:01:47.431" endtime="20210830 14:01:47.431"/>
</iter>
<iter>
<var name="${index}">6</var>
<kw name="Log To Console" library="BuiltIn">
<arg>${index}</arg>
<doc>Logs the given message to the console.</doc>
<status status="PASS" starttime="20210830 14:01:47.431" endtime="20210830 14:01:47.431"/>
</kw>
<status status="PASS" starttime="20210830 14:01:47.431" endtime="20210830 14:01:47.431"/>
</iter>
<iter>
<var name="${index}">7</var>
<kw name="Log To Console" library="BuiltIn">
<arg>${index}</arg>
<doc>Logs the given message to the console.</doc>
<status status="PASS" starttime="20210830 14:01:47.431" endtime="20210830 14:01:47.432"/>
</kw>
<status status="PASS" starttime="20210830 14:01:47.431" endtime="20210830 14:01:47.432"/>
</iter>
<iter>
<var name="${index}">8</var>
<kw name="Log To Console" library="BuiltIn">
<arg>${index}</arg>
<doc>Logs the given message to the console.</doc>
<status status="PASS" starttime="20210830 14:01:47.432" endtime="20210830 14:01:47.432"/>
</kw>
<status status="PASS" starttime="20210830 14:01:47.432" endtime="20210830 14:01:47.432"/>
</iter>
<iter>
<var name="${index}">9</var>
<kw name="Log To Console" library="BuiltIn">
<arg>${index}</arg>
<doc>Logs the given message to the console.</doc>
<status status="PASS" starttime="20210830 14:01:47.432" endtime="20210830 14:01:47.432"/>
</kw>
<status status="PASS" starttime="20210830 14:01:47.432" endtime="20210830 14:01:47.432"/>
</iter>
<iter>
<var name="${index}">10</var>
<kw name="Log To Console" library="BuiltIn">
<arg>${index}</arg>
<doc>Logs the given message to the console.</doc>
<status status="PASS" starttime="20210830 14:01:47.432" endtime="20210830 14:01:47.433"/>
</kw>
<status status="PASS" starttime="20210830 14:01:47.432" endtime="20210830 14:01:47.433"/>
</iter>
<status status="PASS" starttime="20210830 14:01:47.429" endtime="20210830 14:01:47.433"/>
</for>
<status status="PASS" starttime="20210830 14:01:47.429" endtime="20210830 14:01:47.433"/>
</test>
<test id="s1-t5" name="Testando for in range com incremento">
<for flavor="IN RANGE">
<var>${index}</var>
<value>1</value>
<value>11</value>
<value>3</value>
<iter>
<var name="${index}">1</var>
<kw name="Log To Console" library="BuiltIn">
<arg>${index}</arg>
<doc>Logs the given message to the console.</doc>
<status status="PASS" starttime="20210830 14:01:47.434" endtime="20210830 14:01:47.434"/>
</kw>
<status status="PASS" starttime="20210830 14:01:47.434" endtime="20210830 14:01:47.434"/>
</iter>
<iter>
<var name="${index}">4</var>
<kw name="Log To Console" library="BuiltIn">
<arg>${index}</arg>
<doc>Logs the given message to the console.</doc>
<status status="PASS" starttime="20210830 14:01:47.434" endtime="20210830 14:01:47.435"/>
</kw>
<status status="PASS" starttime="20210830 14:01:47.434" endtime="20210830 14:01:47.435"/>
</iter>
<iter>
<var name="${index}">7</var>
<kw name="Log To Console" library="BuiltIn">
<arg>${index}</arg>
<doc>Logs the given message to the console.</doc>
<status status="PASS" starttime="20210830 14:01:47.435" endtime="20210830 14:01:47.435"/>
</kw>
<status status="PASS" starttime="20210830 14:01:47.435" endtime="20210830 14:01:47.435"/>
</iter>
<iter>
<var name="${index}">10</var>
<kw name="Log To Console" library="BuiltIn">
<arg>${index}</arg>
<doc>Logs the given message to the console.</doc>
<status status="PASS" starttime="20210830 14:01:47.435" endtime="20210830 14:01:47.436"/>
</kw>
<status status="PASS" starttime="20210830 14:01:47.435" endtime="20210830 14:01:47.436"/>
</iter>
<status status="PASS" starttime="20210830 14:01:47.434" endtime="20210830 14:01:47.436"/>
</for>
<status status="PASS" starttime="20210830 14:01:47.434" endtime="20210830 14:01:47.436"/>
</test>
<status status="PASS" starttime="20210830 14:01:47.397" endtime="20210830 14:01:47.437"/>
</suite>
<statistics>
<total>
<stat pass="5" fail="0" skip="0">All Tests</stat>
</total>
<tag>
</tag>
<suite>
<stat pass="5" fail="0" skip="0" id="s1" name="Teste-For">Teste-For</stat>
</suite>
</statistics>
<errors>
</errors>
</robot>
