<?xml version="1.0" encoding="UTF-8"?>
<robot generator="Robot 4.1 (Python 3.9.4 on win32)" generated="20210830 20:07:55.710" rpa="false" schemaversion="2">
<suite id="s1" name="PrimeiroScriptSelenium" source="C:\Users\anton\Desktop\RobotComSelenium\tests\PrimeiroScriptSelenium.robot">
<test id="s1-t1" name="Abrir navegador na página do Google">
<kw name="Abrir a página &quot;http://www.google.com&quot; com o navegador &quot;chrome&quot;" sourcename="Abrir a página &quot;${URL}&quot; com o navegador &quot;${navegador}&quot;">
<kw name="Open Browser" library="SeleniumLibrary">
<arg>${URL}</arg>
<arg>${navegador}</arg>
<doc>Opens a new browser instance to the optional ``url``.</doc>
<msg timestamp="20210830 20:07:55.886" level="INFO">Opening browser 'chrome' to base url 'http://www.google.com'.</msg>
<status status="PASS" starttime="20210830 20:07:55.885" endtime="20210830 20:07:57.935"/>
</kw>
<status status="PASS" starttime="20210830 20:07:55.885" endtime="20210830 20:07:57.935"/>
</kw>
<kw name="Title Should Be" library="SeleniumLibrary">
<arg>Google</arg>
<doc>Verifies that the current page title equals ``title``.</doc>
<msg timestamp="20210830 20:07:57.938" level="INFO">Page title is 'Google'.</msg>
<status status="PASS" starttime="20210830 20:07:57.936" endtime="20210830 20:07:57.938"/>
</kw>
<kw name="Input Text" library="SeleniumLibrary">
<arg>name=q</arg>
<arg>Robot Framework SeleniumLibrary</arg>
<doc>Types the given ``text`` into the text field identified by ``locator``.</doc>
<msg timestamp="20210830 20:07:57.939" level="INFO">Typing text 'Robot Framework SeleniumLibrary' into text field 'name=q'.</msg>
<status status="PASS" starttime="20210830 20:07:57.939" endtime="20210830 20:07:58.109"/>
</kw>
<kw name="Press Keys" library="SeleniumLibrary">
<arg>name=q</arg>
<arg>ENTER</arg>
<doc>Simulates the user pressing key(s) to an element or on the active browser.</doc>
<msg timestamp="20210830 20:07:58.110" level="INFO">Sending key(s) ('ENTER',) to name=q element.</msg>
<msg timestamp="20210830 20:07:58.388" level="INFO">Pressing special key ENTER to element.</msg>
<msg timestamp="20210830 20:07:58.388" level="INFO">Releasing special key ENTER.</msg>
<status status="PASS" starttime="20210830 20:07:58.110" endtime="20210830 20:07:59.965"/>
</kw>
<kw name="Close Browser" library="SeleniumLibrary">
<doc>Closes the current browser.</doc>
<status status="PASS" starttime="20210830 20:07:59.966" endtime="20210830 20:08:02.078"/>
</kw>
<status status="PASS" starttime="20210830 20:07:55.885" endtime="20210830 20:08:02.078"/>
</test>
<status status="PASS" starttime="20210830 20:07:55.711" endtime="20210830 20:08:02.079"/>
</suite>
<statistics>
<total>
<stat pass="1" fail="0" skip="0">All Tests</stat>
</total>
<tag>
</tag>
<suite>
<stat pass="1" fail="0" skip="0" id="s1" name="PrimeiroScriptSelenium">PrimeiroScriptSelenium</stat>
</suite>
</statistics>
<errors>
</errors>
</robot>
