<?xml version="1.0" encoding="UTF-8"?>
<robot generator="Robot 4.1 (Python 3.9.4 on win32)" generated="20210831 21:51:18.050" rpa="false" schemaversion="2">
<suite id="s1" name="Cadastro-Cliente" source="C:\Users\anton\Desktop\RobotCadastroDeCliente\tests\cadastro-cliente.robot">
<test id="s1-t1" name="Fazer o cadastro de um novo cliente">
<kw name="Set Selenium Speed" library="SeleniumLibrary">
<arg>0.4 seconds</arg>
<doc>Sets the delay that is waited after each Selenium command.</doc>
<status status="PASS" starttime="20210831 21:51:18.222" endtime="20210831 21:51:18.222"/>
</kw>
<kw name="Open Browser" library="SeleniumLibrary">
<arg>https://estivalet.github.io/robot-static-testing-site/cadastro/index.html</arg>
<arg>chrome</arg>
<doc>Opens a new browser instance to the optional ``url``.</doc>
<msg timestamp="20210831 21:51:18.223" level="INFO">Opening browser 'chrome' to base url 'https://estivalet.github.io/robot-static-testing-site/cadastro/index.html'.</msg>
<status status="PASS" starttime="20210831 21:51:18.223" endtime="20210831 21:51:21.380"/>
</kw>
<kw name="Maximize Browser Window" library="SeleniumLibrary">
<doc>Maximizes current browser window.</doc>
<status status="PASS" starttime="20210831 21:51:21.380" endtime="20210831 21:51:21.914"/>
</kw>
<kw name="Title Should Be" library="SeleniumLibrary">
<arg>Cadastro de Clientes</arg>
<doc>Verifies that the current page title equals ``title``.</doc>
<msg timestamp="20210831 21:51:22.324" level="INFO">Page title is 'Cadastro de Clientes'.</msg>
<status status="PASS" starttime="20210831 21:51:21.914" endtime="20210831 21:51:22.324"/>
</kw>
<kw name="Input Text" library="SeleniumLibrary">
<arg>id=nome_cliente</arg>
<arg>Antonio Marques</arg>
<doc>Types the given ``text`` into the text field identified by ``locator``.</doc>
<msg timestamp="20210831 21:51:22.324" level="INFO">Typing text 'Antonio Marques' into text field 'id=nome_cliente'.</msg>
<status status="PASS" starttime="20210831 21:51:22.324" endtime="20210831 21:51:23.623"/>
</kw>
<kw name="Input Text" library="SeleniumLibrary">
<arg>id=cpf</arg>
<arg>89240388200</arg>
<doc>Types the given ``text`` into the text field identified by ``locator``.</doc>
<msg timestamp="20210831 21:51:23.623" level="INFO">Typing text '89240388200' into text field 'id=cpf'.</msg>
<status status="PASS" starttime="20210831 21:51:23.623" endtime="20210831 21:51:24.889"/>
</kw>
<kw name="Input Text" library="SeleniumLibrary">
<arg>id=dtnasc</arg>
<arg>16031980</arg>
<doc>Types the given ``text`` into the text field identified by ``locator``.</doc>
<msg timestamp="20210831 21:51:24.889" level="INFO">Typing text '16031980' into text field 'id=dtnasc'.</msg>
<status status="PASS" starttime="20210831 21:51:24.889" endtime="20210831 21:51:26.165"/>
</kw>
<kw name="Click Element" library="SeleniumLibrary">
<arg>xpath=//input[@value='masculino']</arg>
<doc>Click the element identified by ``locator``.</doc>
<msg timestamp="20210831 21:51:26.165" level="INFO">Clicking element 'xpath=//input[@value='masculino']'.</msg>
<status status="PASS" starttime="20210831 21:51:26.165" endtime="20210831 21:51:27.000"/>
</kw>
<kw name="Input Text" library="SeleniumLibrary">
<arg>id=cep</arg>
<arg>13178860</arg>
<doc>Types the given ``text`` into the text field identified by ``locator``.</doc>
<msg timestamp="20210831 21:51:27.000" level="INFO">Typing text '13178860' into text field 'id=cep'.</msg>
<status status="PASS" starttime="20210831 21:51:27.000" endtime="20210831 21:51:28.275"/>
</kw>
<kw name="Click Element" library="SeleniumLibrary">
<arg>xpath=//button[text()='Pesquisar']</arg>
<doc>Click the element identified by ``locator``.</doc>
<msg timestamp="20210831 21:51:28.276" level="INFO">Clicking element 'xpath=//button[text()='Pesquisar']'.</msg>
<status status="PASS" starttime="20210831 21:51:28.275" endtime="20210831 21:51:29.123"/>
</kw>
<kw name="Wait Until Keyword Succeeds" library="BuiltIn">
<arg>10s</arg>
<arg>200ms</arg>
<arg>Aguardar o valor "Rua José Rodrigues da Cunha Filho" no elemento "id=rua" estar presente</arg>
<doc>Runs the specified keyword and retries if it fails.</doc>
<kw name="Aguardar o valor &quot;Rua José Rodrigues da Cunha Filho&quot; no elemento &quot;id=rua&quot; estar presente" sourcename="Aguardar o valor &quot;${valor_esperado}&quot; no elemento &quot;${elemento}&quot; estar presente">
<kw name="Get Element Attribute" library="SeleniumLibrary">
<var>${valor_atual}</var>
<arg>${elemento}</arg>
<arg>value</arg>
<doc>Returns the value of ``attribute`` from the element ``locator``.</doc>
<msg timestamp="20210831 21:51:29.957" level="INFO">${valor_atual} = Rua José Rodrigues da Cunha Filho</msg>
<status status="PASS" starttime="20210831 21:51:29.124" endtime="20210831 21:51:29.957"/>
</kw>
<kw name="Should Be Equal As Strings" library="BuiltIn">
<arg>${valor_atual}</arg>
<arg>${valor_esperado}</arg>
<doc>Fails if objects are unequal after converting them to strings.</doc>
<status status="PASS" starttime="20210831 21:51:29.957" endtime="20210831 21:51:29.957"/>
</kw>
<status status="PASS" starttime="20210831 21:51:29.123" endtime="20210831 21:51:29.957"/>
</kw>
<status status="PASS" starttime="20210831 21:51:29.123" endtime="20210831 21:51:29.957"/>
</kw>
<kw name="Select From List By Value" library="SeleniumLibrary">
<arg>id=estado-civil</arg>
<arg>Casado(a)</arg>
<doc>Selects options from selection list ``locator`` by ``values``.</doc>
<msg timestamp="20210831 21:51:29.958" level="INFO">Selecting options from selection list 'id=estado-civil' by value Casado(a).</msg>
<status status="PASS" starttime="20210831 21:51:29.958" endtime="20210831 21:51:32.839"/>
</kw>
<kw name="Click Element" library="SeleniumLibrary">
<arg>xpath=//span[contains(text(),'Testes Automatizados')]/preceding::input[1]</arg>
<doc>Click the element identified by ``locator``.</doc>
<msg timestamp="20210831 21:51:32.839" level="INFO">Clicking element 'xpath=//span[contains(text(),'Testes Automatizados')]/preceding::input[1]'.</msg>
<status status="PASS" starttime="20210831 21:51:32.839" endtime="20210831 21:51:33.677"/>
</kw>
<kw name="Click Element" library="SeleniumLibrary">
<arg>xpath=//span[contains(text(),'Desenvolvimento de Software')]/preceding::input[1]</arg>
<doc>Click the element identified by ``locator``.</doc>
<msg timestamp="20210831 21:51:33.677" level="INFO">Clicking element 'xpath=//span[contains(text(),'Desenvolvimento de Software')]/preceding::input[1]'.</msg>
<status status="PASS" starttime="20210831 21:51:33.677" endtime="20210831 21:51:34.511"/>
</kw>
<kw name="Click Element" library="SeleniumLibrary">
<arg>id=cadastrar</arg>
<doc>Click the element identified by ``locator``.</doc>
<msg timestamp="20210831 21:51:34.511" level="INFO">Clicking element 'id=cadastrar'.</msg>
<status status="PASS" starttime="20210831 21:51:34.511" endtime="20210831 21:51:35.346"/>
</kw>
<kw name="Wait Until Element Is Visible" library="SeleniumLibrary">
<arg>id=msg</arg>
<doc>Waits until the element ``locator`` is visible.</doc>
<status status="PASS" starttime="20210831 21:51:35.346" endtime="20210831 21:51:36.168"/>
</kw>
<kw name="Wait Until Page Contains" library="SeleniumLibrary">
<arg>Cliente cadastrado com sucesso!</arg>
<doc>Waits until ``text`` appears on the current page.</doc>
<status status="PASS" starttime="20210831 21:51:36.168" endtime="20210831 21:51:36.580"/>
</kw>
<kw name="Close Browser" library="SeleniumLibrary">
<doc>Closes the current browser.</doc>
<status status="PASS" starttime="20210831 21:51:36.580" endtime="20210831 21:51:39.043"/>
</kw>
<status status="PASS" starttime="20210831 21:51:18.221" endtime="20210831 21:51:39.043"/>
</test>
<status status="PASS" starttime="20210831 21:51:18.051" endtime="20210831 21:51:39.044"/>
</suite>
<statistics>
<total>
<stat pass="1" fail="0" skip="0">All Tests</stat>
</total>
<tag>
</tag>
<suite>
<stat pass="1" fail="0" skip="0" id="s1" name="Cadastro-Cliente">Cadastro-Cliente</stat>
</suite>
</statistics>
<errors>
</errors>
</robot>
